<component name="libraryTable">
  <library name="junit-4.0">
    <CLASSES>
      <root url="jar://$PROJECT_DIR$/../W08-Lists/lib/junit-4.0.jar!/" />
    </CLASSES>
    <JAVADOC />
    <SOURCES />
  </library>
</component>